{"C:\\Users\\Mi Pc\\Documents\\Repositorios\\ai4devs\\AI4Devs-lab-ides-202506\\frontend\\src\\App.tsx": {"path":"C:\\Users\\Mi Pc\\Documents\\Repositorios\\ai4devs\\AI4Devs-lab-ides-202506\\frontend\\src\\App.tsx","statementMap":{"0":{"start":{"line":10,"column":34},"end":{"line":10,"column":49}},"1":{"start":{"line":11,"column":50},"end":{"line":11,"column":82}},"2":{"start":{"line":13,"column":29},"end":{"line":16,"column":3}},"3":{"start":{"line":14,"column":4},"end":{"line":14,"column":30}},"4":{"start":{"line":15,"column":4},"end":{"line":15,"column":22}},"5":{"start":{"line":18,"column":30},"end":{"line":21,"column":3}},"6":{"start":{"line":19,"column":4},"end":{"line":19,"column":35}},"7":{"start":{"line":20,"column":4},"end":{"line":20,"column":22}},"8":{"start":{"line":23,"column":28},"end":{"line":26,"column":3}},"9":{"start":{"line":24,"column":4},"end":{"line":24,"column":23}},"10":{"start":{"line":25,"column":4},"end":{"line":25,"column":30}},"11":{"start":{"line":28,"column":27},"end":{"line":31,"column":3}},"12":{"start":{"line":29,"column":4},"end":{"line":29,"column":23}},"13":{"start":{"line":30,"column":4},"end":{"line":30,"column":30}},"14":{"start":{"line":33,"column":2},"end":{"line":73,"column":4}}},"fnMap":{"0":{"name":"App","decl":{"start":{"line":9,"column":9},"end":{"line":9,"column":12}},"loc":{"start":{"line":9,"column":15},"end":{"line":74,"column":1}},"line":9},"1":{"name":"(anonymous_1)","decl":{"start":{"line":13,"column":29},"end":{"line":13,"column":30}},"loc":{"start":{"line":13,"column":35},"end":{"line":16,"column":3}},"line":13},"2":{"name":"(anonymous_2)","decl":{"start":{"line":18,"column":30},"end":{"line":18,"column":31}},"loc":{"start":{"line":18,"column":56},"end":{"line":21,"column":3}},"line":18},"3":{"name":"(anonymous_3)","decl":{"start":{"line":23,"column":28},"end":{"line":23,"column":29}},"loc":{"start":{"line":23,"column":34},"end":{"line":26,"column":3}},"line":23},"4":{"name":"(anonymous_4)","decl":{"start":{"line":28,"column":27},"end":{"line":28,"column":28}},"loc":{"start":{"line":28,"column":33},"end":{"line":31,"column":3}},"line":28}},"branchMap":{"0":{"loc":{"start":{"line":48,"column":9},"end":{"line":70,"column":9}},"type":"cond-expr","locations":[{"start":{"line":49,"column":10},"end":{"line":64,"column":16}},{"start":{"line":66,"column":10},"end":{"line":69,"column":12}}],"line":48}},"s":{"0":0,"1":0,"2":0,"3":0,"4":0,"5":0,"6":0,"7":0,"8":0,"9":0,"10":0,"11":0,"12":0,"13":0,"14":0},"f":{"0":0,"1":0,"2":0,"3":0,"4":0},"b":{"0":[0,0]}}
,"C:\\Users\\Mi Pc\\Documents\\Repositorios\\ai4devs\\AI4Devs-lab-ides-202506\\frontend\\src\\components\\CandidateForm.tsx": {"path":"C:\\Users\\Mi Pc\\Documents\\Repositorios\\ai4devs\\AI4Devs-lab-ides-202506\\frontend\\src\\components\\CandidateForm.tsx","statementMap":{"0":{"start":{"line":15,"column":52},"end":{"line":302,"column":1}},"1":{"start":{"line":16,"column":42},"end":{"line":16,"column":57}},"2":{"start":{"line":17,"column":42},"end":{"line":17,"column":69}},"3":{"start":{"line":18,"column":20},"end":{"line":18,"column":31}},"4":{"start":{"line":26,"column":6},"end":{"line":28,"column":4}},"5":{"start":{"line":31,"column":2},"end":{"line":41,"column":28}},"6":{"start":{"line":32,"column":4},"end":{"line":40,"column":5}},"7":{"start":{"line":33,"column":6},"end":{"line":33,"column":49}},"8":{"start":{"line":34,"column":6},"end":{"line":34,"column":47}},"9":{"start":{"line":35,"column":6},"end":{"line":35,"column":41}},"10":{"start":{"line":36,"column":6},"end":{"line":36,"column":47}},"11":{"start":{"line":37,"column":6},"end":{"line":37,"column":51}},"12":{"start":{"line":38,"column":6},"end":{"line":38,"column":55}},"13":{"start":{"line":39,"column":6},"end":{"line":39,"column":57}},"14":{"start":{"line":43,"column":19},"end":{"line":78,"column":3}},"15":{"start":{"line":44,"column":4},"end":{"line":44,"column":26}},"16":{"start":{"line":45,"column":4},"end":{"line":77,"column":5}},"17":{"start":{"line":46,"column":6},"end":{"line":66,"column":7}},"18":{"start":{"line":48,"column":8},"end":{"line":48,"column":63}},"19":{"start":{"line":51,"column":8},"end":{"line":53,"column":9}},"20":{"start":{"line":52,"column":10},"end":{"line":52,"column":66}},"21":{"start":{"line":55,"column":8},"end":{"line":55,"column":60}},"22":{"start":{"line":58,"column":29},"end":{"line":58,"column":69}},"23":{"start":{"line":61,"column":8},"end":{"line":63,"column":9}},"24":{"start":{"line":62,"column":10},"end":{"line":62,"column":69}},"25":{"start":{"line":65,"column":8},"end":{"line":65,"column":56}},"26":{"start":{"line":68,"column":6},"end":{"line":68,"column":14}},"27":{"start":{"line":69,"column":6},"end":{"line":69,"column":28}},"28":{"start":{"line":70,"column":6},"end":{"line":70,"column":20}},"29":{"start":{"line":72,"column":22},"end":{"line":73,"column":88}},"30":{"start":{"line":74,"column":6},"end":{"line":74,"column":27}},"31":{"start":{"line":76,"column":6},"end":{"line":76,"column":29}},"32":{"start":{"line":80,"column":27},"end":{"line":94,"column":3}},"33":{"start":{"line":81,"column":17},"end":{"line":81,"column":40}},"34":{"start":{"line":82,"column":4},"end":{"line":93,"column":5}},"35":{"start":{"line":83,"column":27},"end":{"line":83,"column":121}},"36":{"start":{"line":84,"column":6},"end":{"line":87,"column":7}},"37":{"start":{"line":85,"column":8},"end":{"line":85,"column":60}},"38":{"start":{"line":86,"column":8},"end":{"line":86,"column":15}},"39":{"start":{"line":88,"column":6},"end":{"line":91,"column":7}},"40":{"start":{"line":89,"column":8},"end":{"line":89,"column":55}},"41":{"start":{"line":90,"column":8},"end":{"line":90,"column":15}},"42":{"start":{"line":92,"column":6},"end":{"line":92,"column":28}},"43":{"start":{"line":96,"column":22},"end":{"line":101,"column":3}},"44":{"start":{"line":97,"column":4},"end":{"line":97,"column":26}},"45":{"start":{"line":97,"column":16},"end":{"line":97,"column":26}},"46":{"start":{"line":98,"column":18},"end":{"line":98,"column":45}},"47":{"start":{"line":99,"column":14},"end":{"line":99,"column":58}},"48":{"start":{"line":100,"column":4},"end":{"line":100,"column":78}},"49":{"start":{"line":103,"column":2},"end":{"line":301,"column":4}}},"fnMap":{"0":{"name":"(anonymous_0)","decl":{"start":{"line":15,"column":52},"end":{"line":15,"column":53}},"loc":{"start":{"line":15,"column":92},"end":{"line":302,"column":1}},"line":15},"1":{"name":"(anonymous_1)","decl":{"start":{"line":31,"column":12},"end":{"line":31,"column":13}},"loc":{"start":{"line":31,"column":18},"end":{"line":41,"column":3}},"line":31},"2":{"name":"(anonymous_2)","decl":{"start":{"line":43,"column":19},"end":{"line":43,"column":20}},"loc":{"start":{"line":43,"column":40},"end":{"line":78,"column":3}},"line":43},"3":{"name":"(anonymous_3)","decl":{"start":{"line":80,"column":27},"end":{"line":80,"column":28}},"loc":{"start":{"line":80,"column":75},"end":{"line":94,"column":3}},"line":80},"4":{"name":"(anonymous_4)","decl":{"start":{"line":96,"column":22},"end":{"line":96,"column":23}},"loc":{"start":{"line":96,"column":42},"end":{"line":101,"column":3}},"line":96}},"branchMap":{"0":{"loc":{"start":{"line":32,"column":4},"end":{"line":40,"column":5}},"type":"if","locations":[{"start":{"line":32,"column":4},"end":{"line":40,"column":5}},{"start":{},"end":{}}],"line":32},"1":{"loc":{"start":{"line":36,"column":24},"end":{"line":36,"column":45}},"type":"binary-expr","locations":[{"start":{"line":36,"column":24},"end":{"line":36,"column":39}},{"start":{"line":36,"column":43},"end":{"line":36,"column":45}}],"line":36},"2":{"loc":{"start":{"line":37,"column":26},"end":{"line":37,"column":49}},"type":"binary-expr","locations":[{"start":{"line":37,"column":26},"end":{"line":37,"column":43}},{"start":{"line":37,"column":47},"end":{"line":37,"column":49}}],"line":37},"3":{"loc":{"start":{"line":38,"column":28},"end":{"line":38,"column":53}},"type":"binary-expr","locations":[{"start":{"line":38,"column":28},"end":{"line":38,"column":47}},{"start":{"line":38,"column":51},"end":{"line":38,"column":53}}],"line":38},"4":{"loc":{"start":{"line":39,"column":29},"end":{"line":39,"column":55}},"type":"binary-expr","locations":[{"start":{"line":39,"column":29},"end":{"line":39,"column":49}},{"start":{"line":39,"column":53},"end":{"line":39,"column":55}}],"line":39},"5":{"loc":{"start":{"line":46,"column":6},"end":{"line":66,"column":7}},"type":"if","locations":[{"start":{"line":46,"column":6},"end":{"line":66,"column":7}},{"start":{"line":56,"column":13},"end":{"line":66,"column":7}}],"line":46},"6":{"loc":{"start":{"line":46,"column":10},"end":{"line":46,"column":32}},"type":"binary-expr","locations":[{"start":{"line":46,"column":10},"end":{"line":46,"column":19}},{"start":{"line":46,"column":23},"end":{"line":46,"column":32}}],"line":46},"7":{"loc":{"start":{"line":51,"column":8},"end":{"line":53,"column":9}},"type":"if","locations":[{"start":{"line":51,"column":8},"end":{"line":53,"column":9}},{"start":{},"end":{}}],"line":51},"8":{"loc":{"start":{"line":61,"column":8},"end":{"line":63,"column":9}},"type":"if","locations":[{"start":{"line":61,"column":8},"end":{"line":63,"column":9}},{"start":{},"end":{}}],"line":61},"9":{"loc":{"start":{"line":72,"column":22},"end":{"line":73,"column":88}},"type":"binary-expr","locations":[{"start":{"line":72,"column":22},"end":{"line":72,"column":51}},{"start":{"line":73,"column":9},"end":{"line":73,"column":87}}],"line":72},"10":{"loc":{"start":{"line":73,"column":9},"end":{"line":73,"column":87}},"type":"cond-expr","locations":[{"start":{"line":73,"column":21},"end":{"line":73,"column":55}},{"start":{"line":73,"column":58},"end":{"line":73,"column":87}}],"line":73},"11":{"loc":{"start":{"line":82,"column":4},"end":{"line":93,"column":5}},"type":"if","locations":[{"start":{"line":82,"column":4},"end":{"line":93,"column":5}},{"start":{},"end":{}}],"line":82},"12":{"loc":{"start":{"line":84,"column":6},"end":{"line":87,"column":7}},"type":"if","locations":[{"start":{"line":84,"column":6},"end":{"line":87,"column":7}},{"start":{},"end":{}}],"line":84},"13":{"loc":{"start":{"line":88,"column":6},"end":{"line":91,"column":7}},"type":"if","locations":[{"start":{"line":88,"column":6},"end":{"line":91,"column":7}},{"start":{},"end":{}}],"line":88},"14":{"loc":{"start":{"line":97,"column":4},"end":{"line":97,"column":26}},"type":"if","locations":[{"start":{"line":97,"column":4},"end":{"line":97,"column":26}},{"start":{},"end":{}}],"line":97},"15":{"loc":{"start":{"line":106,"column":9},"end":{"line":106,"column":66}},"type":"cond-expr","locations":[{"start":{"line":106,"column":21},"end":{"line":106,"column":39}},{"start":{"line":106,"column":42},"end":{"line":106,"column":66}}],"line":106},"16":{"loc":{"start":{"line":121,"column":16},"end":{"line":121,"column":110}},"type":"cond-expr","locations":[{"start":{"line":121,"column":35},"end":{"line":121,"column":70}},{"start":{"line":121,"column":73},"end":{"line":121,"column":110}}],"line":121},"17":{"loc":{"start":{"line":125,"column":13},"end":{"line":127,"column":13}},"type":"binary-expr","locations":[{"start":{"line":125,"column":13},"end":{"line":125,"column":29}},{"start":{"line":126,"column":14},"end":{"line":126,"column":85}}],"line":125},"18":{"loc":{"start":{"line":139,"column":16},"end":{"line":139,"column":109}},"type":"cond-expr","locations":[{"start":{"line":139,"column":34},"end":{"line":139,"column":69}},{"start":{"line":139,"column":72},"end":{"line":139,"column":109}}],"line":139},"19":{"loc":{"start":{"line":143,"column":13},"end":{"line":145,"column":13}},"type":"binary-expr","locations":[{"start":{"line":143,"column":13},"end":{"line":143,"column":28}},{"start":{"line":144,"column":14},"end":{"line":144,"column":84}}],"line":143},"20":{"loc":{"start":{"line":159,"column":16},"end":{"line":159,"column":106}},"type":"cond-expr","locations":[{"start":{"line":159,"column":31},"end":{"line":159,"column":66}},{"start":{"line":159,"column":69},"end":{"line":159,"column":106}}],"line":159},"21":{"loc":{"start":{"line":163,"column":13},"end":{"line":165,"column":13}},"type":"binary-expr","locations":[{"start":{"line":163,"column":13},"end":{"line":163,"column":25}},{"start":{"line":164,"column":14},"end":{"line":164,"column":81}}],"line":163},"22":{"loc":{"start":{"line":177,"column":16},"end":{"line":177,"column":106}},"type":"cond-expr","locations":[{"start":{"line":177,"column":31},"end":{"line":177,"column":66}},{"start":{"line":177,"column":69},"end":{"line":177,"column":106}}],"line":177},"23":{"loc":{"start":{"line":181,"column":13},"end":{"line":183,"column":13}},"type":"binary-expr","locations":[{"start":{"line":181,"column":13},"end":{"line":181,"column":25}},{"start":{"line":182,"column":14},"end":{"line":182,"column":81}}],"line":181},"24":{"loc":{"start":{"line":196,"column":14},"end":{"line":196,"column":106}},"type":"cond-expr","locations":[{"start":{"line":196,"column":31},"end":{"line":196,"column":66}},{"start":{"line":196,"column":69},"end":{"line":196,"column":106}}],"line":196},"25":{"loc":{"start":{"line":200,"column":11},"end":{"line":202,"column":11}},"type":"binary-expr","locations":[{"start":{"line":200,"column":11},"end":{"line":200,"column":25}},{"start":{"line":201,"column":12},"end":{"line":201,"column":81}}],"line":200},"26":{"loc":{"start":{"line":214,"column":14},"end":{"line":214,"column":108}},"type":"cond-expr","locations":[{"start":{"line":214,"column":33},"end":{"line":214,"column":68}},{"start":{"line":214,"column":71},"end":{"line":214,"column":108}}],"line":214},"27":{"loc":{"start":{"line":218,"column":11},"end":{"line":220,"column":11}},"type":"binary-expr","locations":[{"start":{"line":218,"column":11},"end":{"line":218,"column":27}},{"start":{"line":219,"column":12},"end":{"line":219,"column":83}}],"line":218},"28":{"loc":{"start":{"line":232,"column":14},"end":{"line":232,"column":109}},"type":"cond-expr","locations":[{"start":{"line":232,"column":34},"end":{"line":232,"column":69}},{"start":{"line":232,"column":72},"end":{"line":232,"column":109}}],"line":232},"29":{"loc":{"start":{"line":236,"column":11},"end":{"line":238,"column":11}},"type":"binary-expr","locations":[{"start":{"line":236,"column":11},"end":{"line":236,"column":28}},{"start":{"line":237,"column":12},"end":{"line":237,"column":84}}],"line":236},"30":{"loc":{"start":{"line":248,"column":11},"end":{"line":262,"column":11}},"type":"binary-expr","locations":[{"start":{"line":248,"column":11},"end":{"line":248,"column":20}},{"start":{"line":248,"column":24},"end":{"line":248,"column":45}},{"start":{"line":249,"column":12},"end":{"line":261,"column":18}}],"line":248},"31":{"loc":{"start":{"line":253,"column":15},"end":{"line":257,"column":15}},"type":"binary-expr","locations":[{"start":{"line":253,"column":15},"end":{"line":253,"column":35}},{"start":{"line":254,"column":16},"end":{"line":256,"column":20}}],"line":253},"32":{"loc":{"start":{"line":271,"column":11},"end":{"line":275,"column":11}},"type":"binary-expr","locations":[{"start":{"line":271,"column":11},"end":{"line":271,"column":23}},{"start":{"line":272,"column":12},"end":{"line":274,"column":16}}],"line":271},"33":{"loc":{"start":{"line":296,"column":13},"end":{"line":296,"column":103}},"type":"cond-expr","locations":[{"start":{"line":296,"column":28},"end":{"line":296,"column":42}},{"start":{"line":296,"column":46},"end":{"line":296,"column":102}}],"line":296},"34":{"loc":{"start":{"line":296,"column":46},"end":{"line":296,"column":102}},"type":"cond-expr","locations":[{"start":{"line":296,"column":58},"end":{"line":296,"column":80}},{"start":{"line":296,"column":83},"end":{"line":296,"column":102}}],"line":296}},"s":{"0":0,"1":0,"2":0,"3":0,"4":0,"5":0,"6":0,"7":0,"8":0,"9":0,"10":0,"11":0,"12":0,"13":0,"14":0,"15":0,"16":0,"17":0,"18":0,"19":0,"20":0,"21":0,"22":0,"23":0,"24":0,"25":0,"26":0,"27":0,"28":0,"29":0,"30":0,"31":0,"32":0,"33":0,"34":0,"35":0,"36":0,"37":0,"38":0,"39":0,"40":0,"41":0,"42":0,"43":0,"44":0,"45":0,"46":0,"47":0,"48":0,"49":0},"f":{"0":0,"1":0,"2":0,"3":0,"4":0},"b":{"0":[0,0],"1":[0,0],"2":[0,0],"3":[0,0],"4":[0,0],"5":[0,0],"6":[0,0],"7":[0,0],"8":[0,0],"9":[0,0],"10":[0,0],"11":[0,0],"12":[0,0],"13":[0,0],"14":[0,0],"15":[0,0],"16":[0,0],"17":[0,0],"18":[0,0],"19":[0,0],"20":[0,0],"21":[0,0],"22":[0,0],"23":[0,0],"24":[0,0],"25":[0,0],"26":[0,0],"27":[0,0],"28":[0,0],"29":[0,0],"30":[0,0,0],"31":[0,0],"32":[0,0],"33":[0,0],"34":[0,0]}}
,"C:\\Users\\Mi Pc\\Documents\\Repositorios\\ai4devs\\AI4Devs-lab-ides-202506\\frontend\\src\\components\\CandidateList.tsx": {"path":"C:\\Users\\Mi Pc\\Documents\\Repositorios\\ai4devs\\AI4Devs-lab-ides-202506\\frontend\\src\\components\\CandidateList.tsx","statementMap":{"0":{"start":{"line":11,"column":52},"end":{"line":239,"column":1}},"1":{"start":{"line":12,"column":38},"end":{"line":12,"column":63}},"2":{"start":{"line":13,"column":32},"end":{"line":13,"column":46}},"3":{"start":{"line":14,"column":28},"end":{"line":14,"column":57}},"4":{"start":{"line":16,"column":2},"end":{"line":18,"column":9}},"5":{"start":{"line":17,"column":4},"end":{"line":17,"column":21}},"6":{"start":{"line":20,"column":25},"end":{"line":33,"column":3}},"7":{"start":{"line":21,"column":4},"end":{"line":32,"column":5}},"8":{"start":{"line":22,"column":6},"end":{"line":22,"column":23}},"9":{"start":{"line":23,"column":19},"end":{"line":23,"column":56}},"10":{"start":{"line":24,"column":6},"end":{"line":24,"column":26}},"11":{"start":{"line":25,"column":6},"end":{"line":25,"column":21}},"12":{"start":{"line":27,"column":22},"end":{"line":27,"column":85}},"13":{"start":{"line":28,"column":6},"end":{"line":28,"column":24}},"14":{"start":{"line":29,"column":6},"end":{"line":29,"column":27}},"15":{"start":{"line":31,"column":6},"end":{"line":31,"column":24}},"16":{"start":{"line":35,"column":32},"end":{"line":46,"column":3}},"17":{"start":{"line":36,"column":4},"end":{"line":45,"column":5}},"18":{"start":{"line":37,"column":6},"end":{"line":44,"column":7}},"19":{"start":{"line":38,"column":8},"end":{"line":38,"column":47}},"20":{"start":{"line":39,"column":8},"end":{"line":39,"column":58}},"21":{"start":{"line":40,"column":8},"end":{"line":40,"column":25}},"22":{"start":{"line":42,"column":24},"end":{"line":42,"column":87}},"23":{"start":{"line":43,"column":8},"end":{"line":43,"column":29}},"24":{"start":{"line":48,"column":21},"end":{"line":54,"column":3}},"25":{"start":{"line":49,"column":4},"end":{"line":53,"column":7}},"26":{"start":{"line":56,"column":22},"end":{"line":61,"column":3}},"27":{"start":{"line":57,"column":4},"end":{"line":57,"column":26}},"28":{"start":{"line":57,"column":16},"end":{"line":57,"column":26}},"29":{"start":{"line":58,"column":18},"end":{"line":58,"column":45}},"30":{"start":{"line":59,"column":14},"end":{"line":59,"column":58}},"31":{"start":{"line":60,"column":4},"end":{"line":60,"column":78}},"32":{"start":{"line":63,"column":2},"end":{"line":69,"column":3}},"33":{"start":{"line":64,"column":4},"end":{"line":68,"column":6}},"34":{"start":{"line":71,"column":2},"end":{"line":83,"column":3}},"35":{"start":{"line":72,"column":4},"end":{"line":82,"column":6}},"36":{"start":{"line":85,"column":2},"end":{"line":238,"column":4}},"37":{"start":{"line":107,"column":36},"end":{"line":107,"column":48}},"38":{"start":{"line":114,"column":36},"end":{"line":114,"column":57}},"39":{"start":{"line":115,"column":26},"end":{"line":115,"column":36}},"40":{"start":{"line":116,"column":14},"end":{"line":117,"column":71}},"41":{"start":{"line":125,"column":36},"end":{"line":125,"column":57}},"42":{"start":{"line":126,"column":26},"end":{"line":126,"column":36}},"43":{"start":{"line":127,"column":30},"end":{"line":127,"column":79}},"44":{"start":{"line":128,"column":14},"end":{"line":128,"column":46}},"45":{"start":{"line":172,"column":18},"end":{"line":230,"column":23}},"46":{"start":{"line":217,"column":41},"end":{"line":217,"column":67}},"47":{"start":{"line":223,"column":41},"end":{"line":223,"column":76}}},"fnMap":{"0":{"name":"(anonymous_0)","decl":{"start":{"line":11,"column":52},"end":{"line":11,"column":53}},"loc":{"start":{"line":11,"column":93},"end":{"line":239,"column":1}},"line":11},"1":{"name":"(anonymous_1)","decl":{"start":{"line":16,"column":12},"end":{"line":16,"column":13}},"loc":{"start":{"line":16,"column":18},"end":{"line":18,"column":3}},"line":16},"2":{"name":"(anonymous_2)","decl":{"start":{"line":20,"column":25},"end":{"line":20,"column":26}},"loc":{"start":{"line":20,"column":37},"end":{"line":33,"column":3}},"line":20},"3":{"name":"(anonymous_3)","decl":{"start":{"line":35,"column":32},"end":{"line":35,"column":33}},"loc":{"start":{"line":35,"column":54},"end":{"line":46,"column":3}},"line":35},"4":{"name":"(anonymous_4)","decl":{"start":{"line":48,"column":21},"end":{"line":48,"column":22}},"loc":{"start":{"line":48,"column":45},"end":{"line":54,"column":3}},"line":48},"5":{"name":"(anonymous_5)","decl":{"start":{"line":56,"column":22},"end":{"line":56,"column":23}},"loc":{"start":{"line":56,"column":42},"end":{"line":61,"column":3}},"line":56},"6":{"name":"(anonymous_6)","decl":{"start":{"line":107,"column":31},"end":{"line":107,"column":32}},"loc":{"start":{"line":107,"column":36},"end":{"line":107,"column":48}},"line":107},"7":{"name":"(anonymous_7)","decl":{"start":{"line":113,"column":31},"end":{"line":113,"column":32}},"loc":{"start":{"line":113,"column":36},"end":{"line":118,"column":13}},"line":113},"8":{"name":"(anonymous_8)","decl":{"start":{"line":124,"column":31},"end":{"line":124,"column":32}},"loc":{"start":{"line":124,"column":36},"end":{"line":129,"column":13}},"line":124},"9":{"name":"(anonymous_9)","decl":{"start":{"line":171,"column":32},"end":{"line":171,"column":33}},"loc":{"start":{"line":172,"column":18},"end":{"line":230,"column":23}},"line":172},"10":{"name":"(anonymous_10)","decl":{"start":{"line":217,"column":35},"end":{"line":217,"column":36}},"loc":{"start":{"line":217,"column":41},"end":{"line":217,"column":67}},"line":217},"11":{"name":"(anonymous_11)","decl":{"start":{"line":223,"column":35},"end":{"line":223,"column":36}},"loc":{"start":{"line":223,"column":41},"end":{"line":223,"column":76}},"line":223}},"branchMap":{"0":{"loc":{"start":{"line":27,"column":22},"end":{"line":27,"column":85}},"type":"binary-expr","locations":[{"start":{"line":27,"column":22},"end":{"line":27,"column":49}},{"start":{"line":27,"column":53},"end":{"line":27,"column":85}}],"line":27},"1":{"loc":{"start":{"line":36,"column":4},"end":{"line":45,"column":5}},"type":"if","locations":[{"start":{"line":36,"column":4},"end":{"line":45,"column":5}},{"start":{},"end":{}}],"line":36},"2":{"loc":{"start":{"line":42,"column":24},"end":{"line":42,"column":87}},"type":"binary-expr","locations":[{"start":{"line":42,"column":24},"end":{"line":42,"column":51}},{"start":{"line":42,"column":55},"end":{"line":42,"column":87}}],"line":42},"3":{"loc":{"start":{"line":57,"column":4},"end":{"line":57,"column":26}},"type":"if","locations":[{"start":{"line":57,"column":4},"end":{"line":57,"column":26}},{"start":{},"end":{}}],"line":57},"4":{"loc":{"start":{"line":63,"column":2},"end":{"line":69,"column":3}},"type":"if","locations":[{"start":{"line":63,"column":2},"end":{"line":69,"column":3}},{"start":{},"end":{}}],"line":63},"5":{"loc":{"start":{"line":71,"column":2},"end":{"line":83,"column":3}},"type":"if","locations":[{"start":{"line":71,"column":2},"end":{"line":83,"column":3}},{"start":{},"end":{}}],"line":71},"6":{"loc":{"start":{"line":116,"column":21},"end":{"line":117,"column":70}},"type":"binary-expr","locations":[{"start":{"line":116,"column":21},"end":{"line":116,"column":64}},{"start":{"line":117,"column":21},"end":{"line":117,"column":70}}],"line":116},"7":{"loc":{"start":{"line":135,"column":7},"end":{"line":236,"column":7}},"type":"cond-expr","locations":[{"start":{"line":136,"column":8},"end":{"line":146,"column":14}},{"start":{"line":148,"column":8},"end":{"line":235,"column":14}}],"line":135},"8":{"loc":{"start":{"line":179,"column":27},"end":{"line":183,"column":27}},"type":"binary-expr","locations":[{"start":{"line":179,"column":27},"end":{"line":179,"column":46}},{"start":{"line":180,"column":28},"end":{"line":182,"column":34}}],"line":179},"9":{"loc":{"start":{"line":189,"column":23},"end":{"line":191,"column":23}},"type":"binary-expr","locations":[{"start":{"line":189,"column":23},"end":{"line":189,"column":38}},{"start":{"line":190,"column":24},"end":{"line":190,"column":86}}],"line":189},"10":{"loc":{"start":{"line":194,"column":23},"end":{"line":209,"column":23}},"type":"cond-expr","locations":[{"start":{"line":195,"column":24},"end":{"line":204,"column":30}},{"start":{"line":206,"column":24},"end":{"line":208,"column":31}}],"line":194},"11":{"loc":{"start":{"line":199,"column":27},"end":{"line":203,"column":27}},"type":"binary-expr","locations":[{"start":{"line":199,"column":27},"end":{"line":199,"column":47}},{"start":{"line":200,"column":28},"end":{"line":202,"column":35}}],"line":199}},"s":{"0":0,"1":0,"2":0,"3":0,"4":0,"5":0,"6":0,"7":0,"8":0,"9":0,"10":0,"11":0,"12":0,"13":0,"14":0,"15":0,"16":0,"17":0,"18":0,"19":0,"20":0,"21":0,"22":0,"23":0,"24":0,"25":0,"26":0,"27":0,"28":0,"29":0,"30":0,"31":0,"32":0,"33":0,"34":0,"35":0,"36":0,"37":0,"38":0,"39":0,"40":0,"41":0,"42":0,"43":0,"44":0,"45":0,"46":0,"47":0},"f":{"0":0,"1":0,"2":0,"3":0,"4":0,"5":0,"6":0,"7":0,"8":0,"9":0,"10":0,"11":0},"b":{"0":[0,0],"1":[0,0],"2":[0,0],"3":[0,0],"4":[0,0],"5":[0,0],"6":[0,0],"7":[0,0],"8":[0,0],"9":[0,0],"10":[0,0],"11":[0,0]}}
,"C:\\Users\\Mi Pc\\Documents\\Repositorios\\ai4devs\\AI4Devs-lab-ides-202506\\frontend\\src\\services\\api.ts": {"path":"C:\\Users\\Mi Pc\\Documents\\Repositorios\\ai4devs\\AI4Devs-lab-ides-202506\\frontend\\src\\services\\api.ts","statementMap":{"0":{"start":{"line":4,"column":21},"end":{"line":4,"column":81}},"1":{"start":{"line":6,"column":12},"end":{"line":11,"column":2}},"2":{"start":{"line":14,"column":0},"end":{"line":20,"column":2}},"3":{"start":{"line":15,"column":16},"end":{"line":15,"column":24}},"4":{"start":{"line":17,"column":4},"end":{"line":17,"column":39}},"5":{"start":{"line":18,"column":4},"end":{"line":18,"column":33}},"6":{"start":{"line":22,"column":28},"end":{"line":64,"column":1}},"7":{"start":{"line":25,"column":21},"end":{"line":25,"column":69}},"8":{"start":{"line":26,"column":4},"end":{"line":26,"column":36}},"9":{"start":{"line":31,"column":21},"end":{"line":31,"column":74}},"10":{"start":{"line":32,"column":4},"end":{"line":32,"column":38}},"11":{"start":{"line":37,"column":21},"end":{"line":37,"column":75}},"12":{"start":{"line":38,"column":4},"end":{"line":38,"column":31}},"13":{"start":{"line":43,"column":21},"end":{"line":43,"column":80}},"14":{"start":{"line":44,"column":4},"end":{"line":44,"column":31}},"15":{"start":{"line":49,"column":4},"end":{"line":49,"column":42}},"16":{"start":{"line":54,"column":21},"end":{"line":54,"column":35}},"17":{"start":{"line":55,"column":4},"end":{"line":55,"column":32}},"18":{"start":{"line":57,"column":21},"end":{"line":61,"column":6}},"19":{"start":{"line":62,"column":4},"end":{"line":62,"column":31}}},"fnMap":{"0":{"name":"(anonymous_0)","decl":{"start":{"line":15,"column":2},"end":{"line":15,"column":3}},"loc":{"start":{"line":15,"column":16},"end":{"line":15,"column":24}},"line":15},"1":{"name":"(anonymous_1)","decl":{"start":{"line":16,"column":2},"end":{"line":16,"column":3}},"loc":{"start":{"line":16,"column":13},"end":{"line":19,"column":3}},"line":16},"2":{"name":"(anonymous_2)","decl":{"start":{"line":24,"column":20},"end":{"line":24,"column":21}},"loc":{"start":{"line":24,"column":54},"end":{"line":27,"column":3}},"line":24},"3":{"name":"(anonymous_3)","decl":{"start":{"line":30,"column":20},"end":{"line":30,"column":21}},"loc":{"start":{"line":30,"column":69},"end":{"line":33,"column":3}},"line":30},"4":{"name":"(anonymous_4)","decl":{"start":{"line":36,"column":19},"end":{"line":36,"column":20}},"loc":{"start":{"line":36,"column":76},"end":{"line":39,"column":3}},"line":36},"5":{"name":"(anonymous_5)","decl":{"start":{"line":42,"column":19},"end":{"line":42,"column":20}},"loc":{"start":{"line":42,"column":97},"end":{"line":45,"column":3}},"line":42},"6":{"name":"(anonymous_6)","decl":{"start":{"line":48,"column":19},"end":{"line":48,"column":20}},"loc":{"start":{"line":48,"column":56},"end":{"line":50,"column":3}},"line":48},"7":{"name":"(anonymous_7)","decl":{"start":{"line":53,"column":12},"end":{"line":53,"column":13}},"loc":{"start":{"line":53,"column":66},"end":{"line":63,"column":3}},"line":53}},"branchMap":{"0":{"loc":{"start":{"line":4,"column":21},"end":{"line":4,"column":81}},"type":"binary-expr","locations":[{"start":{"line":4,"column":21},"end":{"line":4,"column":50}},{"start":{"line":4,"column":54},"end":{"line":4,"column":81}}],"line":4},"1":{"loc":{"start":{"line":26,"column":11},"end":{"line":26,"column":35}},"type":"binary-expr","locations":[{"start":{"line":26,"column":11},"end":{"line":26,"column":29}},{"start":{"line":26,"column":33},"end":{"line":26,"column":35}}],"line":26},"2":{"loc":{"start":{"line":32,"column":11},"end":{"line":32,"column":37}},"type":"binary-expr","locations":[{"start":{"line":32,"column":11},"end":{"line":32,"column":29}},{"start":{"line":32,"column":33},"end":{"line":32,"column":37}}],"line":32}},"s":{"0":0,"1":0,"2":0,"3":0,"4":0,"5":0,"6":0,"7":0,"8":0,"9":0,"10":0,"11":0,"12":0,"13":0,"14":0,"15":0,"16":0,"17":0,"18":0,"19":0},"f":{"0":0,"1":0,"2":0,"3":0,"4":0,"5":0,"6":0,"7":0},"b":{"0":[0,0],"1":[0,0],"2":[0,0]}}
,"C:\\Users\\Mi Pc\\Documents\\Repositorios\\ai4devs\\AI4Devs-lab-ides-202506\\frontend\\src\\types\\candidate.ts": {"path":"C:\\Users\\Mi Pc\\Documents\\Repositorios\\ai4devs\\AI4Devs-lab-ides-202506\\frontend\\src\\types\\candidate.ts","statementMap":{},"fnMap":{},"branchMap":{},"s":{},"f":{},"b":{}}
,"C:\\Users\\Mi Pc\\Documents\\Repositorios\\ai4devs\\AI4Devs-lab-ides-202506\\frontend\\src\\utils\\validation.ts": {"path":"C:\\Users\\Mi Pc\\Documents\\Repositorios\\ai4devs\\AI4Devs-lab-ides-202506\\frontend\\src\\utils\\validation.ts","statementMap":{"0":{"start":{"line":3,"column":31},"end":{"line":41,"column":2}}},"fnMap":{},"branchMap":{},"s":{"0":0},"f":{},"b":{}}
}
