{"C:\\Users\\Mi Pc\\Documents\\Repositorios\\ai4devs\\AI4Devs-lab-ides-202506\\backend\\src\\index.ts": {"path":"C:\\Users\\Mi Pc\\Documents\\Repositorios\\ai4devs\\AI4Devs-lab-ides-202506\\backend\\src\\index.ts","statementMap":{"0":{"start":{"line":2,"column":0},"end":{"line":2,"column":30}},"1":{"start":{"line":3,"column":0},"end":{"line":3,"column":24}},"2":{"start":{"line":4,"column":0},"end":{"line":4,"column":28}},"3":{"start":{"line":5,"column":0},"end":{"line":5,"column":43}},"4":{"start":{"line":6,"column":0},"end":{"line":6,"column":46}},"5":{"start":{"line":7,"column":0},"end":{"line":7,"column":28}},"6":{"start":{"line":8,"column":0},"end":{"line":8,"column":55}},"7":{"start":{"line":10,"column":0},"end":{"line":10,"column":16}},"8":{"start":{"line":11,"column":15},"end":{"line":11,"column":33}},"9":{"start":{"line":13,"column":13},"end":{"line":13,"column":29}},"10":{"start":{"line":14,"column":0},"end":{"line":14,"column":22}},"11":{"start":{"line":16,"column":13},"end":{"line":16,"column":37}},"12":{"start":{"line":19,"column":0},"end":{"line":19,"column":18}},"13":{"start":{"line":22,"column":0},"end":{"line":27,"column":4}},"14":{"start":{"line":30,"column":16},"end":{"line":37,"column":2}},"15":{"start":{"line":38,"column":0},"end":{"line":38,"column":17}},"16":{"start":{"line":41,"column":0},"end":{"line":41,"column":41}},"17":{"start":{"line":42,"column":0},"end":{"line":42,"column":63}},"18":{"start":{"line":45,"column":0},"end":{"line":45,"column":47}},"19":{"start":{"line":48,"column":0},"end":{"line":54,"column":3}},"20":{"start":{"line":49,"column":2},"end":{"line":53,"column":5}},"21":{"start":{"line":57,"column":0},"end":{"line":57,"column":44}},"22":{"start":{"line":60,"column":0},"end":{"line":74,"column":3}},"23":{"start":{"line":61,"column":2},"end":{"line":61,"column":27}},"24":{"start":{"line":63,"column":2},"end":{"line":68,"column":null}},"25":{"start":{"line":64,"column":4},"end":{"line":67,"column":7}},"26":{"start":{"line":70,"column":2},"end":{"line":73,"column":5}},"27":{"start":{"line":77,"column":0},"end":{"line":82,"column":3}},"28":{"start":{"line":78,"column":2},"end":{"line":81,"column":5}},"29":{"start":{"line":84,"column":0},"end":{"line":87,"column":3}},"30":{"start":{"line":85,"column":2},"end":{"line":85,"column":70}},"31":{"start":{"line":86,"column":2},"end":{"line":86,"column":44}},"32":{"start":{"line":90,"column":0},"end":{"line":94,"column":3}},"33":{"start":{"line":90,"column":22},"end":{"line":94,"column":2}},"34":{"start":{"line":91,"column":2},"end":{"line":91,"column":56}},"35":{"start":{"line":92,"column":2},"end":{"line":92,"column":29}},"36":{"start":{"line":93,"column":2},"end":{"line":93,"column":18}},"37":{"start":{"line":96,"column":0},"end":{"line":100,"column":3}},"38":{"start":{"line":96,"column":21},"end":{"line":100,"column":2}},"39":{"start":{"line":97,"column":2},"end":{"line":97,"column":55}},"40":{"start":{"line":98,"column":2},"end":{"line":98,"column":29}},"41":{"start":{"line":99,"column":2},"end":{"line":99,"column":18}}},"fnMap":{"0":{"name":"(anonymous_14)","decl":{"start":{"line":48,"column":13},"end":{"line":48,"column":14}},"loc":{"start":{"line":48,"column":22},"end":{"line":54,"column":1}}},"1":{"name":"(anonymous_15)","decl":{"start":{"line":60,"column":8},"end":{"line":60,"column":9}},"loc":{"start":{"line":60,"column":66},"end":{"line":74,"column":1}}},"2":{"name":"(anonymous_16)","decl":{"start":{"line":77,"column":13},"end":{"line":77,"column":14}},"loc":{"start":{"line":77,"column":22},"end":{"line":82,"column":1}}},"3":{"name":"(anonymous_17)","decl":{"start":{"line":84,"column":17},"end":{"line":84,"column":null}},"loc":{"start":{"line":84,"column":17},"end":{"line":87,"column":1}}},"4":{"name":"(anonymous_18)","decl":{"start":{"line":90,"column":22},"end":{"line":90,"column":null}},"loc":{"start":{"line":90,"column":22},"end":{"line":94,"column":2}}},"5":{"name":"(anonymous_21)","decl":{"start":{"line":96,"column":21},"end":{"line":96,"column":null}},"loc":{"start":{"line":96,"column":21},"end":{"line":100,"column":2}}}},"branchMap":{"0":{"loc":{"start":{"line":16,"column":13},"end":{"line":16,"column":37}},"type":"binary-expr","locations":[{"start":{"line":16,"column":13},"end":{"line":16,"column":29}},{"start":{"line":16,"column":33},"end":{"line":16,"column":37}}]},"1":{"loc":{"start":{"line":23,"column":10},"end":{"line":25,"column":31}},"type":"cond-expr","locations":[{"start":{"line":24,"column":6},"end":{"line":24,"column":32}},{"start":{"line":25,"column":6},"end":{"line":25,"column":31}}]},"2":{"loc":{"start":{"line":63,"column":2},"end":{"line":68,"column":null}},"type":"if","locations":[{"start":{"line":63,"column":2},"end":{"line":68,"column":null}}]},"3":{"loc":{"start":{"line":63,"column":6},"end":{"line":63,"column":79}},"type":"binary-expr","locations":[{"start":{"line":63,"column":6},"end":{"line":63,"column":26}},{"start":{"line":63,"column":30},"end":{"line":63,"column":79}}]}},"s":{"0":1,"1":1,"2":1,"3":1,"4":1,"5":1,"6":1,"7":1,"8":1,"9":1,"10":1,"11":1,"12":1,"13":1,"14":1,"15":1,"16":1,"17":1,"18":1,"19":1,"20":1,"21":1,"22":1,"23":0,"24":0,"25":0,"26":0,"27":1,"28":0,"29":1,"30":1,"31":1,"32":1,"33":0,"34":0,"35":0,"36":0,"37":1,"38":0,"39":0,"40":0,"41":0},"f":{"0":1,"1":0,"2":0,"3":1,"4":0,"5":0},"b":{"0":[1,1],"1":[0,1],"2":[0],"3":[0,0]}}
,"C:\\Users\\Mi Pc\\Documents\\Repositorios\\ai4devs\\AI4Devs-lab-ides-202506\\backend\\src\\controllers\\candidateController.ts": {"path":"C:\\Users\\Mi Pc\\Documents\\Repositorios\\ai4devs\\AI4Devs-lab-ides-202506\\backend\\src\\controllers\\candidateController.ts","statementMap":{"0":{"start":{"line":2,"column":0},"end":{"line":2,"column":64}},"1":{"start":{"line":5,"column":25},"end":{"line":5,"column":47}},"2":{"start":{"line":7,"column":0},"end":{"line":7,"column":13}},"3":{"start":{"line":8,"column":8},"end":{"line":31,"column":null}},"4":{"start":{"line":10,"column":12},"end":{"line":10,"column":61}},"5":{"start":{"line":11,"column":24},"end":{"line":11,"column":null}},"6":{"start":{"line":11,"column":12},"end":{"line":11,"column":null}},"7":{"start":{"line":13,"column":6},"end":{"line":17,"column":9}},"8":{"start":{"line":19,"column":6},"end":{"line":29,"column":null}},"9":{"start":{"line":20,"column":8},"end":{"line":23,"column":11}},"10":{"start":{"line":25,"column":8},"end":{"line":28,"column":11}},"11":{"start":{"line":33,"column":8},"end":{"line":47,"column":null}},"12":{"start":{"line":35,"column":25},"end":{"line":35,"column":null}},"13":{"start":{"line":35,"column":12},"end":{"line":35,"column":null}},"14":{"start":{"line":37,"column":6},"end":{"line":40,"column":9}},"15":{"start":{"line":42,"column":6},"end":{"line":45,"column":9}},"16":{"start":{"line":49,"column":8},"end":{"line":81,"column":null}},"17":{"start":{"line":51,"column":12},"end":{"line":51,"column":41}},"18":{"start":{"line":53,"column":6},"end":{"line":59,"column":null}},"19":{"start":{"line":54,"column":8},"end":{"line":57,"column":11}},"20":{"start":{"line":58,"column":8},"end":{"line":58,"column":15}},"21":{"start":{"line":61,"column":24},"end":{"line":61,"column":null}},"22":{"start":{"line":61,"column":12},"end":{"line":61,"column":null}},"23":{"start":{"line":63,"column":6},"end":{"line":69,"column":null}},"24":{"start":{"line":64,"column":8},"end":{"line":67,"column":11}},"25":{"start":{"line":68,"column":8},"end":{"line":68,"column":15}},"26":{"start":{"line":71,"column":6},"end":{"line":74,"column":9}},"27":{"start":{"line":76,"column":6},"end":{"line":79,"column":9}},"28":{"start":{"line":83,"column":8},"end":{"line":116,"column":null}},"29":{"start":{"line":85,"column":12},"end":{"line":85,"column":41}},"30":{"start":{"line":87,"column":6},"end":{"line":93,"column":null}},"31":{"start":{"line":88,"column":8},"end":{"line":91,"column":11}},"32":{"start":{"line":92,"column":8},"end":{"line":92,"column":15}},"33":{"start":{"line":95,"column":12},"end":{"line":95,"column":34}},"34":{"start":{"line":96,"column":24},"end":{"line":96,"column":null}},"35":{"start":{"line":96,"column":12},"end":{"line":96,"column":null}},"36":{"start":{"line":98,"column":6},"end":{"line":102,"column":9}},"37":{"start":{"line":104,"column":6},"end":{"line":114,"column":null}},"38":{"start":{"line":105,"column":8},"end":{"line":108,"column":11}},"39":{"start":{"line":110,"column":8},"end":{"line":113,"column":11}},"40":{"start":{"line":118,"column":8},"end":{"line":149,"column":null}},"41":{"start":{"line":120,"column":12},"end":{"line":120,"column":41}},"42":{"start":{"line":122,"column":6},"end":{"line":128,"column":null}},"43":{"start":{"line":123,"column":8},"end":{"line":126,"column":11}},"44":{"start":{"line":127,"column":8},"end":{"line":127,"column":15}},"45":{"start":{"line":130,"column":6},"end":{"line":130,"column":49}},"46":{"start":{"line":132,"column":6},"end":{"line":135,"column":9}},"47":{"start":{"line":137,"column":6},"end":{"line":147,"column":null}},"48":{"start":{"line":138,"column":8},"end":{"line":141,"column":11}},"49":{"start":{"line":143,"column":8},"end":{"line":146,"column":11}},"50":{"start":{"line":151,"column":8},"end":{"line":198,"column":null}},"51":{"start":{"line":153,"column":12},"end":{"line":153,"column":41}},"52":{"start":{"line":155,"column":6},"end":{"line":161,"column":null}},"53":{"start":{"line":156,"column":8},"end":{"line":159,"column":11}},"54":{"start":{"line":160,"column":8},"end":{"line":160,"column":15}},"55":{"start":{"line":163,"column":6},"end":{"line":169,"column":null}},"56":{"start":{"line":164,"column":8},"end":{"line":167,"column":11}},"57":{"start":{"line":168,"column":8},"end":{"line":168,"column":15}},"58":{"start":{"line":171,"column":12},"end":{"line":176,"column":8}},"59":{"start":{"line":178,"column":24},"end":{"line":178,"column":null}},"60":{"start":{"line":178,"column":12},"end":{"line":178,"column":null}},"61":{"start":{"line":180,"column":6},"end":{"line":184,"column":9}},"62":{"start":{"line":186,"column":6},"end":{"line":196,"column":null}},"63":{"start":{"line":187,"column":8},"end":{"line":190,"column":11}},"64":{"start":{"line":192,"column":8},"end":{"line":195,"column":11}},"65":{"start":{"line":199,"column":0},"end":{"line":199,"column":null}},"66":{"start":{"line":7,"column":13},"end":{"line":7,"column":32}}},"fnMap":{"0":{"name":"(anonymous_13)","decl":{"start":{"line":7,"column":0},"end":{"line":7,"column":13}},"loc":{"start":{"line":7,"column":0},"end":{"line":199,"column":null}}},"1":{"name":"(anonymous_15)","decl":{"start":{"line":8,"column":2},"end":{"line":8,"column":8}},"loc":{"start":{"line":8,"column":51},"end":{"line":31,"column":null}}},"2":{"name":"(anonymous_18)","decl":{"start":{"line":33,"column":2},"end":{"line":33,"column":8}},"loc":{"start":{"line":33,"column":52},"end":{"line":47,"column":null}}},"3":{"name":"(anonymous_21)","decl":{"start":{"line":49,"column":2},"end":{"line":49,"column":8}},"loc":{"start":{"line":49,"column":52},"end":{"line":81,"column":null}}},"4":{"name":"(anonymous_24)","decl":{"start":{"line":83,"column":2},"end":{"line":83,"column":8}},"loc":{"start":{"line":83,"column":51},"end":{"line":116,"column":null}}},"5":{"name":"(anonymous_27)","decl":{"start":{"line":118,"column":2},"end":{"line":118,"column":8}},"loc":{"start":{"line":118,"column":51},"end":{"line":149,"column":null}}},"6":{"name":"(anonymous_30)","decl":{"start":{"line":151,"column":2},"end":{"line":151,"column":8}},"loc":{"start":{"line":151,"column":44},"end":{"line":198,"column":null}}}},"branchMap":{"0":{"loc":{"start":{"line":19,"column":6},"end":{"line":29,"column":null}},"type":"if","locations":[{"start":{"line":19,"column":6},"end":{"line":29,"column":null}},{"start":{"line":24,"column":13},"end":{"line":29,"column":null}}]},"1":{"loc":{"start":{"line":53,"column":6},"end":{"line":59,"column":null}},"type":"if","locations":[{"start":{"line":53,"column":6},"end":{"line":59,"column":null}}]},"2":{"loc":{"start":{"line":63,"column":6},"end":{"line":69,"column":null}},"type":"if","locations":[{"start":{"line":63,"column":6},"end":{"line":69,"column":null}}]},"3":{"loc":{"start":{"line":87,"column":6},"end":{"line":93,"column":null}},"type":"if","locations":[{"start":{"line":87,"column":6},"end":{"line":93,"column":null}}]},"4":{"loc":{"start":{"line":104,"column":6},"end":{"line":114,"column":null}},"type":"if","locations":[{"start":{"line":104,"column":6},"end":{"line":114,"column":null}},{"start":{"line":109,"column":13},"end":{"line":114,"column":null}}]},"5":{"loc":{"start":{"line":122,"column":6},"end":{"line":128,"column":null}},"type":"if","locations":[{"start":{"line":122,"column":6},"end":{"line":128,"column":null}}]},"6":{"loc":{"start":{"line":137,"column":6},"end":{"line":147,"column":null}},"type":"if","locations":[{"start":{"line":137,"column":6},"end":{"line":147,"column":null}},{"start":{"line":142,"column":13},"end":{"line":147,"column":null}}]},"7":{"loc":{"start":{"line":155,"column":6},"end":{"line":161,"column":null}},"type":"if","locations":[{"start":{"line":155,"column":6},"end":{"line":161,"column":null}}]},"8":{"loc":{"start":{"line":163,"column":6},"end":{"line":169,"column":null}},"type":"if","locations":[{"start":{"line":163,"column":6},"end":{"line":169,"column":null}}]},"9":{"loc":{"start":{"line":186,"column":6},"end":{"line":196,"column":null}},"type":"if","locations":[{"start":{"line":186,"column":6},"end":{"line":196,"column":null}},{"start":{"line":191,"column":13},"end":{"line":196,"column":null}}]}},"s":{"0":2,"1":2,"2":2,"3":2,"4":2,"5":2,"6":2,"7":1,"8":1,"9":1,"10":0,"11":2,"12":1,"13":1,"14":1,"15":0,"16":2,"17":2,"18":2,"19":0,"20":0,"21":2,"22":2,"23":2,"24":1,"25":1,"26":1,"27":0,"28":2,"29":1,"30":1,"31":0,"32":0,"33":1,"34":1,"35":1,"36":1,"37":0,"38":0,"39":0,"40":2,"41":1,"42":1,"43":0,"44":0,"45":2,"46":1,"47":0,"48":0,"49":0,"50":2,"51":0,"52":0,"53":0,"54":0,"55":0,"56":0,"57":0,"58":0,"59":0,"60":0,"61":0,"62":0,"63":0,"64":0,"65":2,"66":2},"f":{"0":10,"1":2,"2":1,"3":2,"4":1,"5":1,"6":0},"b":{"0":[1,0],"1":[0],"2":[1],"3":[0],"4":[0,0],"5":[0],"6":[0,0],"7":[0],"8":[0],"9":[0,0]}}
,"C:\\Users\\Mi Pc\\Documents\\Repositorios\\ai4devs\\AI4Devs-lab-ides-202506\\backend\\src\\middleware\\validation.ts": {"path":"C:\\Users\\Mi Pc\\Documents\\Repositorios\\ai4devs\\AI4Devs-lab-ides-202506\\backend\\src\\middleware\\validation.ts","statementMap":{"0":{"start":{"line":2,"column":0},"end":{"line":2,"column":59}},"1":{"start":{"line":4,"column":13},"end":{"line":43,"column":2}},"2":{"start":{"line":45,"column":13},"end":{"line":87,"column":2}},"3":{"start":{"line":89,"column":38},"end":{"line":99,"column":1}},"4":{"start":{"line":90,"column":17},"end":{"line":90,"column":38}},"5":{"start":{"line":91,"column":2},"end":{"line":97,"column":null}},"6":{"start":{"line":92,"column":4},"end":{"line":96,"column":7}},"7":{"start":{"line":98,"column":2},"end":{"line":98,"column":9}},"8":{"start":{"line":89,"column":13},"end":{"line":89,"column":38}}},"fnMap":{"0":{"name":"(anonymous_0)","decl":{"start":{"line":89,"column":38},"end":{"line":89,"column":39}},"loc":{"start":{"line":89,"column":86},"end":{"line":99,"column":1}}}},"branchMap":{"0":{"loc":{"start":{"line":91,"column":2},"end":{"line":97,"column":null}},"type":"if","locations":[{"start":{"line":91,"column":2},"end":{"line":97,"column":null}}]}},"s":{"0":1,"1":1,"2":1,"3":1,"4":0,"5":0,"6":0,"7":0,"8":1},"f":{"0":0},"b":{"0":[0]}}
,"C:\\Users\\Mi Pc\\Documents\\Repositorios\\ai4devs\\AI4Devs-lab-ides-202506\\backend\\src\\routes\\candidateRoutes.ts": {"path":"C:\\Users\\Mi Pc\\Documents\\Repositorios\\ai4devs\\AI4Devs-lab-ides-202506\\backend\\src\\routes\\candidateRoutes.ts","statementMap":{"0":{"start":{"line":1,"column":0},"end":{"line":1,"column":33}},"1":{"start":{"line":2,"column":0},"end":{"line":2,"column":28}},"2":{"start":{"line":3,"column":0},"end":{"line":3,"column":24}},"3":{"start":{"line":4,"column":0},"end":{"line":4,"column":73}},"4":{"start":{"line":5,"column":0},"end":{"line":5,"column":116}},"5":{"start":{"line":7,"column":15},"end":{"line":7,"column":23}},"6":{"start":{"line":8,"column":28},"end":{"line":8,"column":53}},"7":{"start":{"line":11,"column":16},"end":{"line":19,"column":2}},"8":{"start":{"line":13,"column":4},"end":{"line":13,"column":25}},"9":{"start":{"line":16,"column":25},"end":{"line":16,"column":75}},"10":{"start":{"line":17,"column":4},"end":{"line":17,"column":84}},"11":{"start":{"line":21,"column":19},"end":{"line":29,"column":1}},"12":{"start":{"line":22,"column":27},"end":{"line":22,"column":121}},"13":{"start":{"line":24,"column":2},"end":{"line":28,"column":null}},"14":{"start":{"line":25,"column":4},"end":{"line":25,"column":19}},"15":{"start":{"line":27,"column":4},"end":{"line":27,"column":65}},"16":{"start":{"line":31,"column":15},"end":{"line":37,"column":2}},"17":{"start":{"line":40,"column":0},"end":{"line":40,"column":129}},"18":{"start":{"line":41,"column":0},"end":{"line":41,"column":80}},"19":{"start":{"line":42,"column":0},"end":{"line":42,"column":83}},"20":{"start":{"line":43,"column":0},"end":{"line":43,"column":131}},"21":{"start":{"line":44,"column":0},"end":{"line":44,"column":85}},"22":{"start":{"line":47,"column":0},"end":{"line":47,"column":100}},"23":{"start":{"line":49,"column":0},"end":{"line":49,"column":22}}},"fnMap":{"0":{"name":"(anonymous_1)","decl":{"start":{"line":12,"column":15},"end":{"line":12,"column":16}},"loc":{"start":{"line":12,"column":29},"end":{"line":14,"column":3}}},"1":{"name":"(anonymous_2)","decl":{"start":{"line":15,"column":12},"end":{"line":15,"column":13}},"loc":{"start":{"line":15,"column":26},"end":{"line":18,"column":3}}},"2":{"name":"(anonymous_3)","decl":{"start":{"line":21,"column":19},"end":{"line":21,"column":20}},"loc":{"start":{"line":21,"column":48},"end":{"line":29,"column":1}}}},"branchMap":{"0":{"loc":{"start":{"line":24,"column":2},"end":{"line":28,"column":null}},"type":"if","locations":[{"start":{"line":24,"column":2},"end":{"line":28,"column":null}},{"start":{"line":26,"column":9},"end":{"line":28,"column":null}}]}},"s":{"0":1,"1":1,"2":1,"3":1,"4":1,"5":1,"6":1,"7":1,"8":0,"9":0,"10":0,"11":1,"12":0,"13":0,"14":0,"15":0,"16":1,"17":1,"18":1,"19":1,"20":1,"21":1,"22":1,"23":1},"f":{"0":0,"1":0,"2":0},"b":{"0":[0,0]}}
,"C:\\Users\\Mi Pc\\Documents\\Repositorios\\ai4devs\\AI4Devs-lab-ides-202506\\backend\\src\\services\\candidateService.ts": {"path":"C:\\Users\\Mi Pc\\Documents\\Repositorios\\ai4devs\\AI4Devs-lab-ides-202506\\backend\\src\\services\\candidateService.ts","statementMap":{"0":{"start":{"line":1,"column":0},"end":{"line":1,"column":46}},"1":{"start":{"line":4,"column":15},"end":{"line":4,"column":33}},"2":{"start":{"line":6,"column":0},"end":{"line":6,"column":13}},"3":{"start":{"line":7,"column":8},"end":{"line":28,"column":null}},"4":{"start":{"line":9,"column":24},"end":{"line":19,"column":null}},"5":{"start":{"line":9,"column":12},"end":{"line":19,"column":null}},"6":{"start":{"line":21,"column":6},"end":{"line":21,"column":52}},"7":{"start":{"line":23,"column":6},"end":{"line":25,"column":null}},"8":{"start":{"line":24,"column":8},"end":{"line":24,"column":65}},"9":{"start":{"line":26,"column":6},"end":{"line":26,"column":18}},"10":{"start":{"line":30,"column":8},"end":{"line":42,"column":null}},"11":{"start":{"line":32,"column":25},"end":{"line":36,"column":null}},"12":{"start":{"line":32,"column":12},"end":{"line":36,"column":null}},"13":{"start":{"line":38,"column":6},"end":{"line":38,"column":81}},"14":{"start":{"line":38,"column":41},"end":{"line":38,"column":80}},"15":{"start":{"line":40,"column":6},"end":{"line":40,"column":57}},"16":{"start":{"line":44,"column":8},"end":{"line":54,"column":null}},"17":{"start":{"line":46,"column":24},"end":{"line":48,"column":null}},"18":{"start":{"line":46,"column":12},"end":{"line":48,"column":null}},"19":{"start":{"line":50,"column":6},"end":{"line":50,"column":71}},"20":{"start":{"line":52,"column":6},"end":{"line":52,"column":55}},"21":{"start":{"line":56,"column":8},"end":{"line":73,"column":null}},"22":{"start":{"line":58,"column":24},"end":{"line":61,"column":null}},"23":{"start":{"line":58,"column":12},"end":{"line":61,"column":null}},"24":{"start":{"line":63,"column":6},"end":{"line":63,"column":52}},"25":{"start":{"line":65,"column":6},"end":{"line":67,"column":null}},"26":{"start":{"line":66,"column":8},"end":{"line":66,"column":51}},"27":{"start":{"line":68,"column":6},"end":{"line":70,"column":null}},"28":{"start":{"line":69,"column":8},"end":{"line":69,"column":65}},"29":{"start":{"line":71,"column":6},"end":{"line":71,"column":18}},"30":{"start":{"line":75,"column":8},"end":{"line":86,"column":null}},"31":{"start":{"line":77,"column":6},"end":{"line":79,"column":9}},"32":{"start":{"line":81,"column":6},"end":{"line":83,"column":null}},"33":{"start":{"line":82,"column":8},"end":{"line":82,"column":51}},"34":{"start":{"line":84,"column":6},"end":{"line":84,"column":18}},"35":{"start":{"line":88,"column":8},"end":{"line":112,"column":null}},"36":{"start":{"line":95,"column":24},"end":{"line":103,"column":null}},"37":{"start":{"line":95,"column":12},"end":{"line":103,"column":null}},"38":{"start":{"line":105,"column":6},"end":{"line":105,"column":52}},"39":{"start":{"line":107,"column":6},"end":{"line":109,"column":null}},"40":{"start":{"line":108,"column":8},"end":{"line":108,"column":51}},"41":{"start":{"line":110,"column":6},"end":{"line":110,"column":18}},"42":{"start":{"line":114,"column":10},"end":{"line":135,"column":null}},"43":{"start":{"line":115,"column":4},"end":{"line":117,"column":null}},"44":{"start":{"line":116,"column":6},"end":{"line":116,"column":49}},"45":{"start":{"line":119,"column":4},"end":{"line":134,"column":6}},"46":{"start":{"line":136,"column":0},"end":{"line":136,"column":null}},"47":{"start":{"line":6,"column":13},"end":{"line":6,"column":29}}},"fnMap":{"0":{"name":"(anonymous_13)","decl":{"start":{"line":6,"column":0},"end":{"line":6,"column":13}},"loc":{"start":{"line":6,"column":0},"end":{"line":136,"column":null}}},"1":{"name":"(anonymous_15)","decl":{"start":{"line":7,"column":2},"end":{"line":7,"column":8}},"loc":{"start":{"line":7,"column":52},"end":{"line":28,"column":null}}},"2":{"name":"(anonymous_18)","decl":{"start":{"line":30,"column":2},"end":{"line":30,"column":8}},"loc":{"start":{"line":30,"column":2},"end":{"line":42,"column":null}}},"3":{"name":"(anonymous_21)","decl":{"start":{"line":38,"column":28},"end":{"line":38,"column":37}},"loc":{"start":{"line":38,"column":37},"end":{"line":38,"column":45}}},"4":{"name":"(anonymous_22)","decl":{"start":{"line":44,"column":2},"end":{"line":44,"column":8}},"loc":{"start":{"line":44,"column":35},"end":{"line":54,"column":null}}},"5":{"name":"(anonymous_25)","decl":{"start":{"line":56,"column":2},"end":{"line":56,"column":8}},"loc":{"start":{"line":56,"column":73},"end":{"line":73,"column":null}}},"6":{"name":"(anonymous_28)","decl":{"start":{"line":75,"column":2},"end":{"line":75,"column":8}},"loc":{"start":{"line":75,"column":34},"end":{"line":86,"column":null}}},"7":{"name":"(anonymous_31)","decl":{"start":{"line":88,"column":2},"end":{"line":88,"column":8}},"loc":{"start":{"line":93,"column":3},"end":{"line":112,"column":null}}},"8":{"name":"(anonymous_34)","decl":{"start":{"line":114,"column":2},"end":{"line":114,"column":10}},"loc":{"start":{"line":114,"column":47},"end":{"line":135,"column":3}}}},"branchMap":{"0":{"loc":{"start":{"line":23,"column":6},"end":{"line":25,"column":null}},"type":"if","locations":[{"start":{"line":23,"column":6},"end":{"line":25,"column":null}}]},"1":{"loc":{"start":{"line":23,"column":10},"end":{"line":23,"column":75}},"type":"binary-expr","locations":[{"start":{"line":23,"column":10},"end":{"line":23,"column":32}},{"start":{"line":23,"column":36},"end":{"line":23,"column":73}}]},"2":{"loc":{"start":{"line":23,"column":36},"end":{"line":23,"column":73}},"type":"cond-expr","locations":[{"start":{"line":23,"column":54},"end":{"line":23,"column":56}},{"start":{"line":23,"column":54},"end":{"line":23,"column":73}}]},"3":{"loc":{"start":{"line":23,"column":36},"end":{"line":23,"column":56}},"type":"binary-expr","locations":[{"start":{"line":23,"column":36},"end":{"line":23,"column":56}},{"start":{"line":23,"column":54},"end":{"line":23,"column":56}}]},"4":{"loc":{"start":{"line":23,"column":36},"end":{"line":23,"column":54}},"type":"cond-expr","locations":[{"start":{"line":23,"column":46},"end":{"line":23,"column":48}},{"start":{"line":23,"column":46},"end":{"line":23,"column":54}}]},"5":{"loc":{"start":{"line":23,"column":36},"end":{"line":23,"column":48}},"type":"binary-expr","locations":[{"start":{"line":23,"column":36},"end":{"line":23,"column":48}},{"start":{"line":23,"column":46},"end":{"line":23,"column":48}}]},"6":{"loc":{"start":{"line":50,"column":13},"end":{"line":50,"column":70}},"type":"cond-expr","locations":[{"start":{"line":50,"column":25},"end":{"line":50,"column":63}},{"start":{"line":50,"column":66},"end":{"line":50,"column":70}}]},"7":{"loc":{"start":{"line":65,"column":6},"end":{"line":67,"column":null}},"type":"if","locations":[{"start":{"line":65,"column":6},"end":{"line":67,"column":null}}]},"8":{"loc":{"start":{"line":68,"column":6},"end":{"line":70,"column":null}},"type":"if","locations":[{"start":{"line":68,"column":6},"end":{"line":70,"column":null}}]},"9":{"loc":{"start":{"line":68,"column":10},"end":{"line":68,"column":75}},"type":"binary-expr","locations":[{"start":{"line":68,"column":10},"end":{"line":68,"column":32}},{"start":{"line":68,"column":36},"end":{"line":68,"column":73}}]},"10":{"loc":{"start":{"line":68,"column":36},"end":{"line":68,"column":73}},"type":"cond-expr","locations":[{"start":{"line":68,"column":54},"end":{"line":68,"column":56}},{"start":{"line":68,"column":54},"end":{"line":68,"column":73}}]},"11":{"loc":{"start":{"line":68,"column":36},"end":{"line":68,"column":56}},"type":"binary-expr","locations":[{"start":{"line":68,"column":36},"end":{"line":68,"column":56}},{"start":{"line":68,"column":54},"end":{"line":68,"column":56}}]},"12":{"loc":{"start":{"line":68,"column":36},"end":{"line":68,"column":54}},"type":"cond-expr","locations":[{"start":{"line":68,"column":46},"end":{"line":68,"column":48}},{"start":{"line":68,"column":46},"end":{"line":68,"column":54}}]},"13":{"loc":{"start":{"line":68,"column":36},"end":{"line":68,"column":48}},"type":"binary-expr","locations":[{"start":{"line":68,"column":36},"end":{"line":68,"column":48}},{"start":{"line":68,"column":46},"end":{"line":68,"column":48}}]},"14":{"loc":{"start":{"line":81,"column":6},"end":{"line":83,"column":null}},"type":"if","locations":[{"start":{"line":81,"column":6},"end":{"line":83,"column":null}}]},"15":{"loc":{"start":{"line":107,"column":6},"end":{"line":109,"column":null}},"type":"if","locations":[{"start":{"line":107,"column":6},"end":{"line":109,"column":null}}]},"16":{"loc":{"start":{"line":115,"column":4},"end":{"line":117,"column":null}},"type":"if","locations":[{"start":{"line":115,"column":4},"end":{"line":117,"column":null}}]},"17":{"loc":{"start":{"line":124,"column":13},"end":{"line":124,"column":41}},"type":"binary-expr","locations":[{"start":{"line":124,"column":13},"end":{"line":124,"column":28}},{"start":{"line":124,"column":32},"end":{"line":124,"column":41}}]},"18":{"loc":{"start":{"line":125,"column":15},"end":{"line":125,"column":45}},"type":"binary-expr","locations":[{"start":{"line":125,"column":15},"end":{"line":125,"column":32}},{"start":{"line":125,"column":36},"end":{"line":125,"column":45}}]},"19":{"loc":{"start":{"line":126,"column":17},"end":{"line":126,"column":49}},"type":"binary-expr","locations":[{"start":{"line":126,"column":17},"end":{"line":126,"column":36}},{"start":{"line":126,"column":40},"end":{"line":126,"column":49}}]},"20":{"loc":{"start":{"line":127,"column":18},"end":{"line":127,"column":51}},"type":"binary-expr","locations":[{"start":{"line":127,"column":18},"end":{"line":127,"column":38}},{"start":{"line":127,"column":42},"end":{"line":127,"column":51}}]},"21":{"loc":{"start":{"line":128,"column":18},"end":{"line":128,"column":51}},"type":"binary-expr","locations":[{"start":{"line":128,"column":18},"end":{"line":128,"column":38}},{"start":{"line":128,"column":42},"end":{"line":128,"column":51}}]},"22":{"loc":{"start":{"line":129,"column":18},"end":{"line":129,"column":51}},"type":"binary-expr","locations":[{"start":{"line":129,"column":18},"end":{"line":129,"column":38}},{"start":{"line":129,"column":42},"end":{"line":129,"column":51}}]},"23":{"loc":{"start":{"line":130,"column":18},"end":{"line":130,"column":51}},"type":"binary-expr","locations":[{"start":{"line":130,"column":18},"end":{"line":130,"column":38}},{"start":{"line":130,"column":42},"end":{"line":130,"column":51}}]},"24":{"loc":{"start":{"line":131,"column":18},"end":{"line":131,"column":51}},"type":"binary-expr","locations":[{"start":{"line":131,"column":18},"end":{"line":131,"column":38}},{"start":{"line":131,"column":42},"end":{"line":131,"column":51}}]}},"s":{"0":3,"1":3,"2":3,"3":3,"4":0,"5":0,"6":0,"7":0,"8":0,"9":0,"10":3,"11":0,"12":0,"13":0,"14":0,"15":0,"16":3,"17":0,"18":0,"19":0,"20":0,"21":3,"22":0,"23":0,"24":0,"25":0,"26":0,"27":0,"28":0,"29":0,"30":3,"31":0,"32":0,"33":0,"34":0,"35":3,"36":0,"37":0,"38":0,"39":0,"40":0,"41":0,"42":3,"43":0,"44":0,"45":0,"46":3,"47":3},"f":{"0":4,"1":0,"2":0,"3":0,"4":0,"5":0,"6":0,"7":0,"8":0},"b":{"0":[0],"1":[0,0],"2":[0,0],"3":[0,0],"4":[0,0],"5":[0,0],"6":[0,0],"7":[0],"8":[0],"9":[0,0],"10":[0,0],"11":[0,0],"12":[0,0],"13":[0,0],"14":[0],"15":[0],"16":[0],"17":[0,0],"18":[0,0],"19":[0,0],"20":[0,0],"21":[0,0],"22":[0,0],"23":[0,0],"24":[0,0]}}
}
