TN:
SF:src\index.ts
FN:48,(anonymous_14)
FN:60,(anonymous_15)
FN:77,(anonymous_16)
FN:84,(anonymous_17)
FN:90,(anonymous_18)
FN:96,(anonymous_21)
FNF:6
FNH:2
FNDA:1,(anonymous_14)
FNDA:0,(anonymous_15)
FNDA:0,(anonymous_16)
FNDA:1,(anonymous_17)
FNDA:0,(anonymous_18)
FNDA:0,(anonymous_21)
DA:2,1
DA:3,1
DA:4,1
DA:5,1
DA:6,1
DA:7,1
DA:8,1
DA:10,1
DA:11,1
DA:13,1
DA:14,1
DA:16,1
DA:19,1
DA:22,1
DA:30,1
DA:38,1
DA:41,1
DA:42,1
DA:45,1
DA:48,1
DA:49,1
DA:57,1
DA:60,1
DA:61,0
DA:63,0
DA:64,0
DA:70,0
DA:77,1
DA:78,0
DA:84,1
DA:85,1
DA:86,1
DA:90,1
DA:91,0
DA:92,0
DA:93,0
DA:96,1
DA:97,0
DA:98,0
DA:99,0
LF:40
LH:29
BRDA:16,0,0,1
BRDA:16,0,1,1
BRDA:23,1,0,0
BRDA:23,1,1,1
BRDA:63,2,0,0
BRDA:63,3,0,0
BRDA:63,3,1,0
BRF:7
BRH:3
end_of_record
TN:
SF:src\controllers\candidateController.ts
FN:7,(anonymous_13)
FN:8,(anonymous_15)
FN:33,(anonymous_18)
FN:49,(anonymous_21)
FN:83,(anonymous_24)
FN:118,(anonymous_27)
FN:151,(anonymous_30)
FNF:7
FNH:6
FNDA:10,(anonymous_13)
FNDA:2,(anonymous_15)
FNDA:1,(anonymous_18)
FNDA:2,(anonymous_21)
FNDA:1,(anonymous_24)
FNDA:1,(anonymous_27)
FNDA:0,(anonymous_30)
DA:2,2
DA:5,2
DA:7,2
DA:8,2
DA:10,2
DA:11,2
DA:13,1
DA:19,1
DA:20,1
DA:25,0
DA:33,2
DA:35,1
DA:37,1
DA:42,0
DA:49,2
DA:51,2
DA:53,2
DA:54,0
DA:58,0
DA:61,2
DA:63,2
DA:64,1
DA:68,1
DA:71,1
DA:76,0
DA:83,2
DA:85,1
DA:87,1
DA:88,0
DA:92,0
DA:95,1
DA:96,1
DA:98,1
DA:104,0
DA:105,0
DA:110,0
DA:118,2
DA:120,1
DA:122,1
DA:123,0
DA:127,0
DA:130,2
DA:132,1
DA:137,0
DA:138,0
DA:143,0
DA:151,2
DA:153,0
DA:155,0
DA:156,0
DA:160,0
DA:163,0
DA:164,0
DA:168,0
DA:171,0
DA:178,0
DA:180,0
DA:186,0
DA:187,0
DA:192,0
DA:199,2
LF:61
LH:33
BRDA:19,0,0,1
BRDA:19,0,1,0
BRDA:53,1,0,0
BRDA:63,2,0,1
BRDA:87,3,0,0
BRDA:104,4,0,0
BRDA:104,4,1,0
BRDA:122,5,0,0
BRDA:137,6,0,0
BRDA:137,6,1,0
BRDA:155,7,0,0
BRDA:163,8,0,0
BRDA:186,9,0,0
BRDA:186,9,1,0
BRF:14
BRH:2
end_of_record
TN:
SF:src\middleware\validation.ts
FN:89,(anonymous_0)
FNF:1
FNH:0
FNDA:0,(anonymous_0)
DA:2,1
DA:4,1
DA:45,1
DA:89,1
DA:90,0
DA:91,0
DA:92,0
DA:98,0
LF:8
LH:4
BRDA:91,0,0,0
BRF:1
BRH:0
end_of_record
TN:
SF:src\routes\candidateRoutes.ts
FN:12,(anonymous_1)
FN:15,(anonymous_2)
FN:21,(anonymous_3)
FNF:3
FNH:0
FNDA:0,(anonymous_1)
FNDA:0,(anonymous_2)
FNDA:0,(anonymous_3)
DA:1,1
DA:2,1
DA:3,1
DA:4,1
DA:5,1
DA:7,1
DA:8,1
DA:11,1
DA:13,0
DA:16,0
DA:17,0
DA:21,1
DA:22,0
DA:24,0
DA:25,0
DA:27,0
DA:31,1
DA:40,1
DA:41,1
DA:42,1
DA:43,1
DA:44,1
DA:47,1
DA:49,1
LF:24
LH:17
BRDA:24,0,0,0
BRDA:24,0,1,0
BRF:2
BRH:0
end_of_record
TN:
SF:src\services\candidateService.ts
FN:6,(anonymous_13)
FN:7,(anonymous_15)
FN:30,(anonymous_18)
FN:38,(anonymous_21)
FN:44,(anonymous_22)
FN:56,(anonymous_25)
FN:75,(anonymous_28)
FN:88,(anonymous_31)
FN:114,(anonymous_34)
FNF:9
FNH:1
FNDA:4,(anonymous_13)
FNDA:0,(anonymous_15)
FNDA:0,(anonymous_18)
FNDA:0,(anonymous_21)
FNDA:0,(anonymous_22)
FNDA:0,(anonymous_25)
FNDA:0,(anonymous_28)
FNDA:0,(anonymous_31)
FNDA:0,(anonymous_34)
DA:1,3
DA:4,3
DA:6,3
DA:7,3
DA:9,0
DA:21,0
DA:23,0
DA:24,0
DA:26,0
DA:30,3
DA:32,0
DA:38,0
DA:40,0
DA:44,3
DA:46,0
DA:50,0
DA:52,0
DA:56,3
DA:58,0
DA:63,0
DA:65,0
DA:66,0
DA:68,0
DA:69,0
DA:71,0
DA:75,3
DA:77,0
DA:81,0
DA:82,0
DA:84,0
DA:88,3
DA:95,0
DA:105,0
DA:107,0
DA:108,0
DA:110,0
DA:114,3
DA:115,0
DA:116,0
DA:119,0
DA:136,3
LF:41
LH:11
BRDA:23,0,0,0
BRDA:23,1,0,0
BRDA:23,1,1,0
BRDA:23,2,0,0
BRDA:23,2,1,0
BRDA:23,3,0,0
BRDA:23,3,1,0
BRDA:23,4,0,0
BRDA:23,4,1,0
BRDA:23,5,0,0
BRDA:23,5,1,0
BRDA:50,6,0,0
BRDA:50,6,1,0
BRDA:65,7,0,0
BRDA:68,8,0,0
BRDA:68,9,0,0
BRDA:68,9,1,0
BRDA:68,10,0,0
BRDA:68,10,1,0
BRDA:68,11,0,0
BRDA:68,11,1,0
BRDA:68,12,0,0
BRDA:68,12,1,0
BRDA:68,13,0,0
BRDA:68,13,1,0
BRDA:81,14,0,0
BRDA:107,15,0,0
BRDA:115,16,0,0
BRDA:124,17,0,0
BRDA:124,17,1,0
BRDA:125,18,0,0
BRDA:125,18,1,0
BRDA:126,19,0,0
BRDA:126,19,1,0
BRDA:127,20,0,0
BRDA:127,20,1,0
BRDA:128,21,0,0
BRDA:128,21,1,0
BRDA:129,22,0,0
BRDA:129,22,1,0
BRDA:130,23,0,0
BRDA:130,23,1,0
BRDA:131,24,0,0
BRDA:131,24,1,0
BRF:44
BRH:0
end_of_record
